<?xml version="1.0" encoding="UTF-8"?>
<!-- Generated by org.testng.reporters.JUnitReportReporter -->
<testsuite hostname="LAP-1004" name="flobiz.tests.GetAllIssues" tests="3" failures="0" timestamp="19 Oct 2019 11:21:22 GMT" time="8.779" errors="0">
  <testcase name="getAllIssuesTest" time="0.953" classname="flobiz.tests.GetAllIssues"/>
  <testcase name="getAllIssuesTest" time="6.580" classname="flobiz.tests.GetAllIssues"/>
  <testcase name="getAllIssuesTest" time="1.246" classname="flobiz.tests.GetAllIssues"/>
</testsuite> <!-- flobiz.tests.GetAllIssues -->
