<?xml version="1.0" encoding="UTF-8"?>
<!-- Generated by org.testng.reporters.JUnitReportReporter -->
<testsuite hostname="LAPTOP-3ORC4TS8" name="slack.tests.WorkflowTest" tests="1" failures="0" timestamp="22 Nov 2019 08:47:16 GMT" time="6.141" errors="0">
  <testcase name="workflowTest" time="6.141" classname="slack.tests.WorkflowTest"/>
</testsuite> <!-- slack.tests.WorkflowTest -->
