<?xml version="1.0" encoding="UTF-8"?>
<!-- Generated by org.testng.reporters.JUnitReportReporter -->
<testsuite hostname="LAPTOP-3ORC4TS8" name="slack.tests.CreateIssueTest" tests="3" failures="0" timestamp="21 Nov 2019 20:03:39 GMT" time="0.020" errors="0">
  <testcase name="createIssueTest" time="0.005" classname="slack.tests.CreateIssueTest"/>
  <testcase name="createIssueTest" time="0.013" classname="slack.tests.CreateIssueTest"/>
  <testcase name="createIssueTest" time="0.002" classname="slack.tests.CreateIssueTest"/>
</testsuite> <!-- slack.tests.CreateIssueTest -->
